<?xml version="1.0" encoding="UTF-8"?>
<!-- Generated by org.testng.reporters.JUnitXMLReporter -->
<testsuite ignored="0" hostname="Rajesh-PC" failures="0" tests="5" name="BankingApp Test" time="13.636" errors="0" timestamp="2022-03-11T16:26:04 CET">
  <testcase classname="com.sevenMind.testCases.TS_7M_005" name="@BeforeClass preRequisite" time="2.877">
    <failure type="org.openqa.selenium.NoSuchElementException" message="An element could not be located on the page using the given search parameters.
For documentation on this error, please visit: https://selenium.dev/exceptions/#no_such_element
Build info: version: &amp;apos;4.1.0&amp;apos;, revision: &amp;apos;87802e897b&amp;apos;
System info: host: &amp;apos;RAJESH-PC&amp;apos;, ip: &amp;apos;192.168.178.58&amp;apos;, os.name: &amp;apos;Windows 10&amp;apos;, os.arch: &amp;apos;amd64&amp;apos;, os.version: &amp;apos;10.0&amp;apos;, java.version: &amp;apos;17.0.1&amp;apos;
Driver info: io.appium.java_client.android.AndroidDriver
Command: [65d81843-5872-4d6b-b44b-cf8a491ab1f0, findElement {using=xpath, value=/hierarchy/android.widget.FrameLayout/android.widget.LinearLayout/android.widget.FrameLayout/android.widget.LinearLayout/android.widget.FrameLayout/android.view.ViewGroup/android.widget.FrameLayout/android.widget.FrameLayout/android.widget.FrameLayout/android.widget.LinearLayout/android.widget.FrameLayout[2]/android.view.ViewGroup/androidx.recyclerview.widget.RecyclerView/android.widget.LinearLayout[2]/android.widget.Button
}]
Capabilities {appium:appActivity: de.sevenmind.android.MainAc..., appium:appPackage: de.sevenmind.android, appium:automationName: Appium, appium:databaseEnabled: false, appium:desired: {appActivity: de.sevenmind.android.MainAc..., appPackage: de.sevenmind.android, automationName: Appium, deviceName: 192.168.178.85:5555, platformName: android, platformVersion: 11}, appium:deviceApiLevel: 30, appium:deviceManufacturer: samsung, appium:deviceModel: SM-F926B, appium:deviceName: 192.168.178.85:5555, appium:deviceScreenDensity: 420, appium:deviceScreenSize: 1768x2208, appium:deviceUDID: 192.168.178.85:5555, appium:javascriptEnabled: true, appium:locationContextEnabled: false, appium:networkConnectionEnabled: true, appium:pixelRatio: 2.625, appium:platformVersion: 11, appium:statBarHeight: 88, appium:takesScreenshot: true, appium:viewportRect: {height: 1994, left: 0, top: 88, width: 1768}, appium:warnings: {}, appium:webStorageEnabled: false, platformName: android}
Session ID: 65d81843-5872-4d6b-b44b-cf8a491ab1f0">
      <![CDATA[org.openqa.selenium.NoSuchElementException: An element could not be located on the page using the given search parameters.
For documentation on this error, please visit: https://selenium.dev/exceptions/#no_such_element
Build info: version: '4.1.0', revision: '87802e897b'
System info: host: 'RAJESH-PC', ip: '192.168.178.58', os.name: 'Windows 10', os.arch: 'amd64', os.version: '10.0', java.version: '17.0.1'
Driver info: io.appium.java_client.android.AndroidDriver
Command: [65d81843-5872-4d6b-b44b-cf8a491ab1f0, findElement {using=xpath, value=/hierarchy/android.widget.FrameLayout/android.widget.LinearLayout/android.widget.FrameLayout/android.widget.LinearLayout/android.widget.FrameLayout/android.view.ViewGroup/android.widget.FrameLayout/android.widget.FrameLayout/android.widget.FrameLayout/android.widget.LinearLayout/android.widget.FrameLayout[2]/android.view.ViewGroup/androidx.recyclerview.widget.RecyclerView/android.widget.LinearLayout[2]/android.widget.Button
}]
Capabilities {appium:appActivity: de.sevenmind.android.MainAc..., appium:appPackage: de.sevenmind.android, appium:automationName: Appium, appium:databaseEnabled: false, appium:desired: {appActivity: de.sevenmind.android.MainAc..., appPackage: de.sevenmind.android, automationName: Appium, deviceName: 192.168.178.85:5555, platformName: android, platformVersion: 11}, appium:deviceApiLevel: 30, appium:deviceManufacturer: samsung, appium:deviceModel: SM-F926B, appium:deviceName: 192.168.178.85:5555, appium:deviceScreenDensity: 420, appium:deviceScreenSize: 1768x2208, appium:deviceUDID: 192.168.178.85:5555, appium:javascriptEnabled: true, appium:locationContextEnabled: false, appium:networkConnectionEnabled: true, appium:pixelRatio: 2.625, appium:platformVersion: 11, appium:statBarHeight: 88, appium:takesScreenshot: true, appium:viewportRect: {height: 1994, left: 0, top: 88, width: 1768}, appium:warnings: {}, appium:webStorageEnabled: false, platformName: android}
Session ID: 65d81843-5872-4d6b-b44b-cf8a491ab1f0
at org.openqa.selenium.remote.codec.w3c.W3CHttpResponseCodec.createException(W3CHttpResponseCodec.java:200)
at org.openqa.selenium.remote.codec.w3c.W3CHttpResponseCodec.decode(W3CHttpResponseCodec.java:133)
at org.openqa.selenium.remote.codec.w3c.W3CHttpResponseCodec.decode(W3CHttpResponseCodec.java:53)
at org.openqa.selenium.remote.HttpCommandExecutor.execute(HttpCommandExecutor.java:184)
at io.appium.java_client.remote.AppiumCommandExecutor.execute(AppiumCommandExecutor.java:180)
at org.openqa.selenium.remote.RemoteWebDriver.execute(RemoteWebDriver.java:559)
at org.openqa.selenium.remote.ElementLocation$ElementFinder$2.findElement(ElementLocation.java:162)
at org.openqa.selenium.remote.ElementLocation.findElement(ElementLocation.java:60)
at org.openqa.selenium.remote.RemoteWebDriver.findElement(RemoteWebDriver.java:383)
at org.openqa.selenium.remote.RemoteWebDriver.findElement(RemoteWebDriver.java:375)
at org.openqa.selenium.support.pagefactory.DefaultElementLocator.findElement(DefaultElementLocator.java:70)
at org.openqa.selenium.support.pagefactory.internal.LocatingElementHandler.invoke(LocatingElementHandler.java:39)
at jdk.proxy2/jdk.proxy2.$Proxy17.click(Unknown Source)
at com.sevenMind.pageObjects.LoginOrRegisterPage.clickRegister(LoginOrRegisterPage.java:31)
at com.sevenMind.testCases.TS_7M_005.preRequisite(TS_7M_005.java:44)
at java.base/java.util.ArrayList.forEach(ArrayList.java:1511)
... Removed 30 stack frames]]>
    </failure>
  </testcase> <!-- @BeforeClass preRequisite -->
  <testcase classname="com.sevenMind.testCases.TS_7M_005" name="TC_7M_RE_001" time="0.0">
    <skipped/>
  </testcase> <!-- TC_7M_RE_001 -->
  <testcase classname="com.sevenMind.testCases.TS_7M_005" name="TC_7M_RE_002" time="0.0">
    <skipped/>
  </testcase> <!-- TC_7M_RE_002 -->
  <testcase classname="com.sevenMind.testCases.TS_7M_005" name="TC_7M_RE_003" time="0.0">
    <skipped/>
  </testcase> <!-- TC_7M_RE_003 -->
  <testcase classname="com.sevenMind.testCases.TS_7M_005" name="TC_7M_RE_004" time="0.0">
    <skipped/>
  </testcase> <!-- TC_7M_RE_004 -->
  <testcase classname="com.sevenMind.testCases.TS_7M_005" name="TC_7M_RE_005" time="0.0">
    <skipped/>
  </testcase> <!-- TC_7M_RE_005 -->
</testsuite> <!-- BankingApp Test -->
